
                                      ARENA Simulation Results
                                       ryan - License: STUDENT

                                  Summary for Replication 1 of 1

Project: Unnamed Project                                             Run execution date :10/26/2012
Analyst: Gerald                                                      Model revision date:10/26/2012

Replication ended at time      : 2061.0 Hours 
Base Time Units: Hours

                                           TALLY VARIABLES

Identifier                                  Average   Half Width  Minimum    Maximum   Observations
___________________________________________________________________________________________________

critical.VATime                             .32052     .00618     .00000     1.0277       2000    
critical.NVATime                            .00000     .00000     .00000     .00000       2000    
critical.WaitTime                           .08930     .01010     .00000     1.9499       2000    
critical.TranTime                           .00000     .00000     .00000     .00000       2000    
critical.OtherTime                          .00000     .00000     .00000     .00000       2000    
critical.TotalTime                          .40982     .01212     .00000     1.9499       2000    
in patient.VATime                           .12804     .00368     .05098     .29724       1000    
in patient.NVATime                          .00000     .00000     .00000     .00000       1000    
in patient.WaitTime                         .10424     (Corr)     .00000     1.8222       1000    
in patient.TranTime                         .00000     .00000     .00000     .00000       1000    
in patient.OtherTime                        .00000     .00000     .00000     .00000       1000    
in patient.TotalTime                        .23228     (Corr)     .05663     2.0338       1000    
outpatient.VATime                           .12594     .00263     .05536     .29357       1000    
outpatient.NVATime                          .00000     .00000     .00000     .00000       1000    
outpatient.WaitTime                         .28862     .06553     .00000     2.1836       1000    
outpatient.TranTime                         .00000     .00000     .00000     .00000       1000    
outpatient.OtherTime                        .00000     .00000     .00000     .00000       1000    
outpatient.TotalTime                        .41456     .06648     .05536     2.3568       1000    
serious.VATime                              .78044     .01225     .00000     2.1151       2000    
serious.NVATime                             .00000     .00000     .00000     .00000       2000    
serious.WaitTime                            .26533     .09247     .00000     3.9965       2000    
serious.TranTime                            .00000     .00000     .00000     .00000       2000    
serious.OtherTime                           .00000     .00000     .00000     .00000       2000    
serious.TotalTime                           1.0457     .09456     .00000     3.9965       2000    
moderate.VATime                             .76826     .01033     .00000     2.1473       2000    
moderate.NVATime                            .00000     .00000     .00000     .00000       2000    
moderate.WaitTime                           .34598     (Corr)     .00000     5.9673       2000    
moderate.TranTime                           .00000     .00000     .00000     .00000       2000    
moderate.OtherTime                          .00000     .00000     .00000     .00000       2000    
moderate.TotalTime                          1.1142     (Corr)     .00000     7.5279       2000    
Waiting Room NonCrit Queue.WaitingTime          --         --         --         --          0
Waiting Room Queue 2.Queue.WaitingTime          --         --         --         --          0
Doctor Consult Mod.Queue.WaitingTime        .11041     .02868     .00000     3.3626       1000    
Doctor Consult Crit.Queue.WaitingTime       .05522     .01548     .00000     1.1881       1000    
Imaging 1.Queue.WaitingTime                 .00913     (Corr)     .00000     .19341        408    
Lab 1.Queue.WaitingTime                     .00342     (Corr)     .00000     .13231        396    
Imaging 2.Queue.WaitingTime                 .01573     .00605     .00000     .25003        389    
Lab 2.Queue.WaitingTime                     .00538     .00216     .00000     .12655        418    
Nurse Prep Crit.Queue.WaitingTime           .00267     .00150     .00000     .16022       1000    
Doctor Consult Serious.Queue.WaitingTime    .06049     .01126     .00000     .79503        999    
Waiting Room Critical Queue.WaitingTime         --         --         --         --          0
Register.Queue.WaitingTime                  .01390     (Corr)     .00000     .31862       2000    
Imaging 3.Queue.WaitingTime                 .32661     (Corr)     .00000     2.1836        901    
Lab 3.Queue.WaitingTime                     .08970     (Corr)     .00000     .69122       1099    
Seize Standard.Queue.WaitingTime            .03773     .04166     .00000     1.8193       2000    
Nurse Prep Mod.Queue.WaitingTime            .00200     .00123     .00000     .21219       1000    
Nurse Prep Serious.Queue.WaitingTime        .00131     7.0618E-04 .00000     .13841        999    
Queue 1.WaitingTime                             --         --         --         --          0
Queue 3.WaitingTime                             --         --         --         --          0
Imaging 4.Queue.WaitingTime                 .24055     (Corr)     .00000     5.6831        379    
Lab 4.Queue.WaitingTime                     .04177     (Corr)     .00000     2.8619        427    
Seize Room Critical.Queue.WaitingTime       1.8386E-04 2.8348E-04 .00000     .07845       1000    

                                     DISCRETE-CHANGE VARIABLES

Identifier                                  Average   Half Width  Minimum    Maximum   Final Value
___________________________________________________________________________________________________

critical.WIP                                .39769     (Corr)     .00000     8.0000     .00000    
in patient.WIP                              .11270     (Corr)     .00000     7.0000     .00000    
outpatient.WIP                              .20114     (Corr)     .00000     12.000     .00000    
serious.WIP                                 1.0148     (Corr)     .00000     16.000     .00000    
moderate.WIP                                1.0812     (Corr)     .00000     19.000     .00000    
Lab Tech.NumberBusy                         .11358     (Corr)     .00000     1.0000     .00000    
Lab Tech.NumberScheduled                    1.0000     (Insuf)    1.0000     1.0000     1.0000    
Lab Tech.Utilization                        .11358     (Corr)     .00000     1.0000     .00000    
Resource 1.NumberBusy                       .00000     (Insuf)    .00000     .00000     .00000    
Resource 1.NumberScheduled                  1.0000     (Insuf)    1.0000     1.0000     1.0000    
Resource 1.Utilization                      .00000     (Insuf)    .00000     .00000     .00000    
Registration.NumberBusy                     .08862     (Corr)     .00000     1.0000     .00000    
Registration.NumberScheduled                1.0000     (Insuf)    1.0000     1.0000     1.0000    
Registration.Utilization                    .08862     (Corr)     .00000     1.0000     .00000    
OR.NumberBusy                               .00000     (Insuf)    .00000     .00000     .00000    
OR.NumberScheduled                          3.0000     (Insuf)    3.0000     3.0000     3.0000    
OR.Utilization                              .00000     (Insuf)    .00000     .00000     .00000    
Nurse.NumberBusy                            .14979     (Corr)     .00000     3.0000     .00000    
Nurse.NumberScheduled                       3.6618     (Corr)     1.0000     9.0000     4.0000    
Nurse.Utilization                           .06138     .01732     .00000     1.0000     .00000    
Doctor.NumberBusy                           .26045     (Corr)     .00000     1.0000     .00000    
Doctor.NumberScheduled                      1.0000     (Insuf)    1.0000     1.0000     1.0000    
Doctor.Utilization                          .26045     (Corr)     .00000     1.0000     .00000    
Imaging Tech.NumberBusy                     .16250     (Corr)     .00000     1.0000     .00000    
Imaging Tech.NumberScheduled                1.0000     (Insuf)    1.0000     1.0000     1.0000    
Imaging Tech.Utilization                    .16250     (Corr)     .00000     1.0000     .00000    
standard room.NumberBusy                    .86173     (Corr)     .00000     6.0000     .00000    
standard room.NumberScheduled               6.0000     (Insuf)    6.0000     6.0000     6.0000    
standard room.Utilization                   .14362     (Corr)     .00000     1.0000     .00000    
trauma room.NumberBusy                      .34405     (Corr)     .00000     2.0000     .00000    
trauma room.NumberScheduled                 2.0000     (Insuf)    2.0000     2.0000     2.0000    
trauma room.Utilization                     .17202     (Corr)     .00000     1.0000     .00000    
Waiting Room NonCrit Queue.NumberInQueue    .00000     (Insuf)    .00000     .00000     .00000    
Waiting Room Queue 2.Queue.NumberInQueue    .00000     (Insuf)    .00000     .00000     .00000    
Doctor Consult Mod.Queue.NumberInQueue      .05357     (Corr)     .00000     5.0000     .00000    
Doctor Consult Crit.Queue.NumberInQueue     .02679     .00915     .00000     4.0000     .00000    
Imaging 1.Queue.NumberInQueue               .00181     (Insuf)    .00000     1.0000     .00000    
Lab 1.Queue.NumberInQueue                   6.5765E-04 (Insuf)    .00000     1.0000     .00000    
Imaging 2.Queue.NumberInQueue               .00297     (Insuf)    .00000     1.0000     .00000    
Lab 2.Queue.NumberInQueue                   .00109     (Insuf)    .00000     1.0000     .00000    
Nurse Prep Crit.Queue.NumberInQueue         .00129     (Insuf)    .00000     3.0000     .00000    
Doctor Consult Serious.Queue.NumberInQueue  .02932     (Corr)     .00000     3.0000     .00000    
Waiting Room Critical Queue.NumberInQueue   .00000     (Insuf)    .00000     .00000     .00000    
Register.Queue.NumberInQueue                .01348     (Corr)     .00000     4.0000     .00000    
Imaging 3.Queue.NumberInQueue               .14278     (Corr)     .00000     11.000     .00000    
Lab 3.Queue.NumberInQueue                   .04783     (Corr)     .00000     6.0000     .00000    
Seize Standard.Queue.NumberInQueue          .03661     (Insuf)    .00000     11.000     .00000    
Nurse Prep Mod.Queue.NumberInQueue          9.7169E-04 (Insuf)    .00000     1.0000     .00000    
Nurse Prep Serious.Queue.NumberInQueue      6.3558E-04 (Insuf)    .00000     1.0000     .00000    
Queue 1.NumberInQueue                       .00000     (Insuf)    .00000     .00000     .00000    
Queue 3.NumberInQueue                       .00000     (Insuf)    .00000     .00000     .00000    
Imaging 4.Queue.NumberInQueue               .04423     (Insuf)    .00000     6.0000     .00000    
Lab 4.Queue.NumberInQueue                   .00865     (Insuf)    .00000     3.0000     .00000    
Seize Room Critical.Queue.NumberInQueue     8.9210E-05 (Insuf)    .00000     1.0000     .00000    

                                             COUNTERS

Identifier                                    Count   Limit
_____________________________________________________________

Not Found 2                                       0  Infinite
Not Found Sub                                     0  Infinite
Number Surgery                                  627  Infinite
Record Watining Room Full                         0  Infinite
Total Entities Check In                        3000  Infinite
Number Admitted                                2024  Infinite
Not found                                         0  Infinite
Record Number of Customers Reneging               1  Infinite
Record Critical Deaths while waiting              0  Infinite
NumberDischarged                                348  Infinite

                                             OUTPUTS

Identifier                                   Value
_____________________________________________________________

critical.NumberIn                           2000.0    
critical.NumberOut                          2000.0    
in patient.NumberIn                         1000.0    
in patient.NumberOut                        1000.0    
outpatient.NumberIn                         1000.0    
outpatient.NumberOut                        1000.0    
serious.NumberIn                            2000.0    
serious.NumberOut                           2000.0    
moderate.NumberIn                           2000.0    
moderate.NumberOut                          2000.0    
Lab Tech.NumberSeized                       2340.0    
Lab Tech.ScheduledUtilization               .11358    
Resource 1.NumberSeized                     .00000    
Resource 1.ScheduledUtilization             .00000    
Registration.NumberSeized                   2000.0    
Registration.ScheduledUtilization           .08862    
OR.NumberSeized                             .00000    
OR.ScheduledUtilization                     .00000    
Nurse.NumberSeized                          2999.0    
Nurse.ScheduledUtilization                  .04091    
Doctor.NumberSeized                         2999.0    
Doctor.ScheduledUtilization                 .26045    
Imaging Tech.NumberSeized                   2077.0    
Imaging Tech.ScheduledUtilization           .16250    
standard room.NumberSeized                  2102.0    
standard room.ScheduledUtilization          .14362    
trauma room.NumberSeized                    897.00    
trauma room.ScheduledUtilization            .17202    
System.NumberOut                            8000.0    


Simulation run time: 0.20 minutes.
Simulation run complete.
